2025-08-10 10:37:27 - __main__ - INFO - Environment Variables Loaded:
2025-08-10 10:37:27 - __main__ - INFO -   OPENAI_COMPATIBLE_MODEL: doubao-seed-1-6-250615
2025-08-10 10:37:27 - __main__ - INFO -   OPENAI_COMPATIBLE_BASE_URL: https://ark.cn-beijing.volces.com/api/v3
2025-08-10 10:37:27 - __main__ - INFO -   OPENAI_COMPATIBLE_API_KEY: ********************
2025-08-10 10:37:27 - __main__ - INFO - âœ“ æ‰§è¡Œæ—¥å¿—ç³»ç»Ÿå·²åˆå§‹åŒ–ï¼Œæ—¥å¿—ç›®å½•: logs/20250810_103727_337dd982
2025-08-10 10:37:27 - __main__ - INFO - ä»æŸ¥è¯¢ä¸­æå– - å…¬å¸åç§°: èŒ…å°, è‚¡ç¥¨ä»£ç : 600519
2025-08-10 10:37:27 - __main__ - INFO - å½“å‰æ—¶é—´: 2025å¹´08æœˆ10æ—¥ (2025-08-10) æ˜ŸæœŸæ—¥ 10:37:27
2025-08-10 10:37:27 - __main__ - INFO - Starting financial analysis workflow for query: 'å¸®æˆ‘çœ‹çœ‹èŒ…å°(600519)è¿™åªè‚¡ç¥¨å€¼å¾—æŠ•èµ„å—'
2025-08-10 10:38:08 - __main__ - INFO - Environment Variables Loaded:
2025-08-10 10:38:08 - __main__ - INFO -   OPENAI_COMPATIBLE_MODEL: doubao-seed-1-6-250615
2025-08-10 10:38:08 - __main__ - INFO -   OPENAI_COMPATIBLE_BASE_URL: https://ark.cn-beijing.volces.com/api/v3
2025-08-10 10:38:08 - __main__ - INFO -   OPENAI_COMPATIBLE_API_KEY: ********************
2025-08-10 10:38:08 - __main__ - INFO - âœ“ æ‰§è¡Œæ—¥å¿—ç³»ç»Ÿå·²åˆå§‹åŒ–ï¼Œæ—¥å¿—ç›®å½•: logs/20250810_103808_575ea234
2025-08-10 10:38:08 - __main__ - INFO - ä»æŸ¥è¯¢ä¸­æå– - å…¬å¸åç§°: èŒ…å°, è‚¡ç¥¨ä»£ç : 600519
2025-08-10 10:38:08 - __main__ - INFO - å½“å‰æ—¶é—´: 2025å¹´08æœˆ10æ—¥ (2025-08-10) æ˜ŸæœŸæ—¥ 10:38:08
2025-08-10 10:38:08 - __main__ - INFO - Starting financial analysis workflow for query: 'å¸®æˆ‘çœ‹çœ‹èŒ…å°(600519)è¿™åªè‚¡ç¥¨å€¼å¾—æŠ•èµ„å—'
2025-08-10 10:45:57 - __main__ - INFO - Environment Variables Loaded:
2025-08-10 10:45:57 - __main__ - INFO -   OPENAI_COMPATIBLE_MODEL: doubao-seed-1-6-250615
2025-08-10 10:45:57 - __main__ - INFO -   OPENAI_COMPATIBLE_BASE_URL: https://ark.cn-beijing.volces.com/api/v3
2025-08-10 10:45:57 - __main__ - INFO -   OPENAI_COMPATIBLE_API_KEY: ********************
2025-08-10 10:45:57 - __main__ - INFO - âœ“ æ‰§è¡Œæ—¥å¿—ç³»ç»Ÿå·²åˆå§‹åŒ–ï¼Œæ—¥å¿—ç›®å½•: logs/20250810_104557_d77c13f2
2025-08-10 10:45:57 - __main__ - INFO - ä»æŸ¥è¯¢ä¸­æå– - å…¬å¸åç§°: èŒ…å°, è‚¡ç¥¨ä»£ç : 600519
2025-08-10 10:45:57 - __main__ - INFO - å½“å‰æ—¶é—´: 2025å¹´08æœˆ10æ—¥ (2025-08-10) æ˜ŸæœŸæ—¥ 10:45:57
2025-08-10 10:45:57 - __main__ - INFO - Starting financial analysis workflow for query: 'å¸®æˆ‘çœ‹çœ‹èŒ…å°(600519)è¿™åªè‚¡ç¥¨å€¼å¾—æŠ•èµ„å—'
2025-08-10 10:58:02 - __main__ - INFO - Workflow execution completed successfully
2025-08-10 10:58:02 - __main__ - INFO - Report saved to: /root/code/self-learn/Financial-MCP-Agent/reports/report_èŒ…å°_600519_20250810_105802.md
2025-08-10 11:03:07 - __main__ - INFO - Environment Variables Loaded:
2025-08-10 11:03:07 - __main__ - INFO -   OPENAI_COMPATIBLE_MODEL: doubao-seed-1-6-250615
2025-08-10 11:03:07 - __main__ - INFO -   OPENAI_COMPATIBLE_BASE_URL: https://ark.cn-beijing.volces.com/api/v3
2025-08-10 11:03:07 - __main__ - INFO -   OPENAI_COMPATIBLE_API_KEY: ********************
2025-08-10 11:03:07 - __main__ - INFO - âœ“ æ‰§è¡Œæ—¥å¿—ç³»ç»Ÿå·²åˆå§‹åŒ–ï¼Œæ—¥å¿—ç›®å½•: logs/20250810_110307_f08fb258
2025-08-10 11:03:07 - __main__ - INFO - ä»æŸ¥è¯¢ä¸­æå– - å…¬å¸åç§°: èŒ…å°, è‚¡ç¥¨ä»£ç : 600519
2025-08-10 11:03:07 - __main__ - INFO - å½“å‰æ—¶é—´: 2025å¹´08æœˆ10æ—¥ (2025-08-10) æ˜ŸæœŸæ—¥ 11:03:07
2025-08-10 11:03:07 - __main__ - INFO - Starting financial analysis workflow for query: 'å¸®æˆ‘çœ‹çœ‹èŒ…å°(600519)è¿™åªè‚¡ç¥¨å€¼å¾—æŠ•èµ„å—'
2025-08-10 11:16:50 - __main__ - INFO - Workflow execution completed successfully
2025-08-10 11:16:50 - __main__ - INFO - Report saved to: /root/code/self-learn/Financial-MCP-Agent/reports/report_èŒ…å°_600519_20250810_111650.md
2025-08-10 11:30:17 - __main__ - INFO - Environment Variables Loaded:
2025-08-10 11:30:17 - __main__ - INFO -   OPENAI_COMPATIBLE_MODEL: doubao-seed-1-6-250615
2025-08-10 11:30:17 - __main__ - INFO -   OPENAI_COMPATIBLE_BASE_URL: https://ark.cn-beijing.volces.com/api/v3
2025-08-10 11:30:17 - __main__ - INFO -   OPENAI_COMPATIBLE_API_KEY: ********************
2025-08-10 11:30:17 - __main__ - INFO - âœ“ æ‰§è¡Œæ—¥å¿—ç³»ç»Ÿå·²åˆå§‹åŒ–ï¼Œæ—¥å¿—ç›®å½•: logs/20250810_113017_706803e6
2025-08-10 11:30:17 - __main__ - INFO - ä»æŸ¥è¯¢ä¸­æå– - å…¬å¸åç§°: èŒ…å°, è‚¡ç¥¨ä»£ç : 600519
2025-08-10 11:30:17 - __main__ - INFO - å½“å‰æ—¶é—´: 2025å¹´08æœˆ10æ—¥ (2025-08-10) æ˜ŸæœŸæ—¥ 11:30:17
2025-08-10 11:30:17 - __main__ - INFO - Starting financial analysis workflow for query: 'å¸®æˆ‘çœ‹çœ‹èŒ…å°(600519)è¿™åªè‚¡ç¥¨å€¼å¾—æŠ•èµ„å—'
2025-08-10 11:42:32 - __main__ - INFO - Workflow execution completed successfully
2025-08-10 11:42:32 - __main__ - INFO - Report saved to: /root/code/self-learn/Financial-MCP-Agent/reports/report_èŒ…å°_600519_20250810_114232.md
2025-08-10 20:44:10 - __main__ - INFO - Environment Variables Loaded:
2025-08-10 20:44:10 - __main__ - INFO -   OPENAI_COMPATIBLE_MODEL: doubao-seed-1-6-250615
2025-08-10 20:44:10 - __main__ - INFO -   OPENAI_COMPATIBLE_BASE_URL: https://ark.cn-beijing.volces.com/api/v3
2025-08-10 20:44:10 - __main__ - INFO -   OPENAI_COMPATIBLE_API_KEY: ********************
2025-08-10 20:44:10 - __main__ - INFO - âœ“ æ‰§è¡Œæ—¥å¿—ç³»ç»Ÿå·²åˆå§‹åŒ–ï¼Œæ—¥å¿—ç›®å½•: logs/20250810_204410_6fc57cf2
2025-08-10 20:44:10 - __main__ - INFO - ä»æŸ¥è¯¢ä¸­æå– - å…¬å¸åç§°: è…¾è®¯, è‚¡ç¥¨ä»£ç : 00700
2025-08-10 20:44:10 - __main__ - INFO - å½“å‰æ—¶é—´: 2025å¹´08æœˆ10æ—¥ (2025-08-10) æ˜ŸæœŸæ—¥ 20:44:10
2025-08-10 20:44:10 - __main__ - INFO - Starting financial analysis workflow for query: 'è¯·å¸®æˆ‘åˆ†æä¸€ä¸‹è…¾è®¯(00700)è¿™åªè‚¡ç¥¨æ€ä¹ˆæ ·'
2025-08-10 20:44:12 - __main__ - INFO - Workflow execution completed successfully
2025-08-10 20:44:12 - __main__ - INFO - Report saved to: /root/autodl-tmp/Finance/Financial-MCP-Agent/reports/error_report_è…¾è®¯_00700_20250810_204412.md
2025-08-10 20:45:34 - __main__ - INFO - Environment Variables Loaded:
2025-08-10 20:45:34 - __main__ - INFO -   OPENAI_COMPATIBLE_MODEL: doubao-seed-1-6-250615
2025-08-10 20:45:34 - __main__ - INFO -   OPENAI_COMPATIBLE_BASE_URL: https://ark.cn-beijing.volces.com/api/v3
2025-08-10 20:45:34 - __main__ - INFO -   OPENAI_COMPATIBLE_API_KEY: ********************
2025-08-10 20:45:34 - __main__ - INFO - âœ“ æ‰§è¡Œæ—¥å¿—ç³»ç»Ÿå·²åˆå§‹åŒ–ï¼Œæ—¥å¿—ç›®å½•: logs/20250810_204534_d52ea689
2025-08-10 20:45:34 - __main__ - INFO - ä»æŸ¥è¯¢ä¸­æå– - å…¬å¸åç§°: è…¾è®¯, è‚¡ç¥¨ä»£ç : 00700
2025-08-10 20:45:34 - __main__ - INFO - å½“å‰æ—¶é—´: 2025å¹´08æœˆ10æ—¥ (2025-08-10) æ˜ŸæœŸæ—¥ 20:45:34
2025-08-10 20:45:34 - __main__ - INFO - Starting financial analysis workflow for query: 'è¯·å¸®æˆ‘åˆ†æä¸€ä¸‹è…¾è®¯(00700)è¿™åªè‚¡ç¥¨æ€ä¹ˆæ ·'
2025-08-10 20:52:14 - __main__ - INFO - Workflow execution completed successfully
2025-08-10 20:52:14 - __main__ - INFO - Report saved to: /root/autodl-tmp/Finance/Financial-MCP-Agent/reports/error_report_è…¾è®¯_00700_20250810_205213.md
2025-08-10 20:53:11 - __main__ - INFO - Environment Variables Loaded:
2025-08-10 20:53:11 - __main__ - INFO -   OPENAI_COMPATIBLE_MODEL: doubao-seed-1-6-250615
2025-08-10 20:53:11 - __main__ - INFO -   OPENAI_COMPATIBLE_BASE_URL: https://ark.cn-beijing.volces.com/api/v3
2025-08-10 20:53:11 - __main__ - INFO -   OPENAI_COMPATIBLE_API_KEY: ********************
2025-08-10 20:53:11 - __main__ - INFO - âœ“ æ‰§è¡Œæ—¥å¿—ç³»ç»Ÿå·²åˆå§‹åŒ–ï¼Œæ—¥å¿—ç›®å½•: logs/20250810_205311_0232151d
2025-08-10 20:53:11 - __main__ - INFO - ä»æŸ¥è¯¢ä¸­æå– - å…¬å¸åç§°: è…¾è®¯, è‚¡ç¥¨ä»£ç : 00700
2025-08-10 20:53:11 - __main__ - INFO - å½“å‰æ—¶é—´: 2025å¹´08æœˆ10æ—¥ (2025-08-10) æ˜ŸæœŸæ—¥ 20:53:11
2025-08-10 20:53:11 - __main__ - INFO - Starting financial analysis workflow for query: 'è¯·å¸®æˆ‘åˆ†æä¸€ä¸‹è…¾è®¯(00700)è¿™åªè‚¡ç¥¨æ€ä¹ˆæ ·'
2025-08-10 20:56:01 - __main__ - INFO - Environment Variables Loaded:
2025-08-10 20:56:01 - __main__ - INFO -   OPENAI_COMPATIBLE_MODEL: doubao-seed-1-6-250615
2025-08-10 20:56:01 - __main__ - INFO -   OPENAI_COMPATIBLE_BASE_URL: https://ark.cn-beijing.volces.com/api/v3
2025-08-10 20:56:01 - __main__ - INFO -   OPENAI_COMPATIBLE_API_KEY: ********************
2025-08-10 20:56:01 - __main__ - INFO - âœ“ æ‰§è¡Œæ—¥å¿—ç³»ç»Ÿå·²åˆå§‹åŒ–ï¼Œæ—¥å¿—ç›®å½•: logs/20250810_205601_51a9ba19
2025-08-10 20:56:01 - __main__ - INFO - ä»æŸ¥è¯¢ä¸­æå– - å…¬å¸åç§°: èŒ…å°, è‚¡ç¥¨ä»£ç : 600519
2025-08-10 20:56:01 - __main__ - INFO - å½“å‰æ—¶é—´: 2025å¹´08æœˆ10æ—¥ (2025-08-10) æ˜ŸæœŸæ—¥ 20:56:01
2025-08-10 20:56:01 - __main__ - INFO - Starting financial analysis workflow for query: 'å¸®æˆ‘çœ‹çœ‹èŒ…å°(600519)è¿™åªè‚¡ç¥¨å€¼å¾—æŠ•èµ„å—'
2025-08-10 21:05:08 - __main__ - INFO - Workflow execution completed successfully
2025-08-10 21:05:08 - __main__ - INFO - Report saved to: /root/autodl-tmp/Finance/Financial-MCP-Agent/reports/report_èŒ…å°_600519_20250810_210508.md
2025-08-10 21:07:56 - __main__ - INFO - Environment Variables Loaded:
2025-08-10 21:07:56 - __main__ - INFO -   OPENAI_COMPATIBLE_MODEL: doubao-seed-1-6-250615
2025-08-10 21:07:56 - __main__ - INFO -   OPENAI_COMPATIBLE_BASE_URL: https://ark.cn-beijing.volces.com/api/v3
2025-08-10 21:07:56 - __main__ - INFO -   OPENAI_COMPATIBLE_API_KEY: ********************
2025-08-10 21:07:56 - __main__ - INFO - âœ“ æ‰§è¡Œæ—¥å¿—ç³»ç»Ÿå·²åˆå§‹åŒ–ï¼Œæ—¥å¿—ç›®å½•: logs/20250810_210756_8a82ad1b
2025-08-10 21:07:56 - __main__ - INFO - ä»æŸ¥è¯¢ä¸­æå– - å…¬å¸åç§°: èŒ…å°, è‚¡ç¥¨ä»£ç : 600519
2025-08-10 21:07:56 - __main__ - INFO - å½“å‰æ—¶é—´: 2025å¹´08æœˆ10æ—¥ (2025-08-10) æ˜ŸæœŸæ—¥ 21:07:56
2025-08-10 21:07:56 - __main__ - INFO - Starting financial analysis workflow for query: 'å¸®æˆ‘çœ‹çœ‹èŒ…å°(600519)è¿™åªè‚¡ç¥¨å€¼å¾—æŠ•èµ„å—'
2025-08-19 22:27:38 - __main__ - INFO - Environment Variables Loaded:
2025-08-19 22:27:38 - __main__ - INFO -   OPENAI_COMPATIBLE_MODEL: doubao-1-5-thinking-vision-pro-250428
2025-08-19 22:27:38 - __main__ - INFO -   OPENAI_COMPATIBLE_BASE_URL: https://ark.cn-beijing.volces.com/api/v3
2025-08-19 22:27:38 - __main__ - INFO -   OPENAI_COMPATIBLE_API_KEY: ********************
2025-08-19 22:27:38 - __main__ - INFO - âœ“ æ‰§è¡Œæ—¥å¿—ç³»ç»Ÿå·²åˆå§‹åŒ–ï¼Œæ—¥å¿—ç›®å½•: logs/20250819_222738_50591f18
2025-08-19 22:27:38 - __main__ - INFO - ä»æŸ¥è¯¢ä¸­æå– - å…¬å¸åç§°: èŒ…å°, è‚¡ç¥¨ä»£ç : 600519
2025-08-19 22:27:38 - __main__ - INFO - å½“å‰æ—¶é—´: 2025å¹´08æœˆ19æ—¥ (2025-08-19) æ˜ŸæœŸäºŒ 22:27:38
2025-08-19 22:27:38 - __main__ - INFO - Starting financial analysis workflow for query: 'å¸®æˆ‘çœ‹çœ‹èŒ…å°(600519)è¿™åªè‚¡ç¥¨å€¼å¾—æŠ•èµ„å—'
2025-08-19 22:28:10 - __main__ - INFO - Environment Variables Loaded:
2025-08-19 22:28:10 - __main__ - INFO -   OPENAI_COMPATIBLE_MODEL: doubao-1-5-thinking-vision-pro-250428
2025-08-19 22:28:10 - __main__ - INFO -   OPENAI_COMPATIBLE_BASE_URL: https://ark.cn-beijing.volces.com/api/v3
2025-08-19 22:28:10 - __main__ - INFO -   OPENAI_COMPATIBLE_API_KEY: ********************
2025-08-19 22:28:10 - __main__ - INFO - âœ“ æ‰§è¡Œæ—¥å¿—ç³»ç»Ÿå·²åˆå§‹åŒ–ï¼Œæ—¥å¿—ç›®å½•: logs/20250819_222810_ccf3708e
2025-08-19 22:28:10 - __main__ - INFO - ä»æŸ¥è¯¢ä¸­æå– - å…¬å¸åç§°: èŒ…å°, è‚¡ç¥¨ä»£ç : 600519
2025-08-19 22:28:10 - __main__ - INFO - å½“å‰æ—¶é—´: 2025å¹´08æœˆ19æ—¥ (2025-08-19) æ˜ŸæœŸäºŒ 22:28:10
2025-08-19 22:28:10 - __main__ - INFO - Starting financial analysis workflow for query: 'å¸®æˆ‘çœ‹çœ‹èŒ…å°(600519)è¿™åªè‚¡ç¥¨å€¼å¾—æŠ•èµ„å—'
2025-08-19 22:30:12 - __main__ - INFO - Environment Variables Loaded:
2025-08-19 22:30:12 - __main__ - INFO -   OPENAI_COMPATIBLE_MODEL: doubao-1-5-thinking-vision-pro-250428
2025-08-19 22:30:12 - __main__ - INFO -   OPENAI_COMPATIBLE_BASE_URL: https://ark.cn-beijing.volces.com/api/v3
2025-08-19 22:30:12 - __main__ - INFO -   OPENAI_COMPATIBLE_API_KEY: ********************
2025-08-19 22:30:12 - __main__ - INFO - âœ“ æ‰§è¡Œæ—¥å¿—ç³»ç»Ÿå·²åˆå§‹åŒ–ï¼Œæ—¥å¿—ç›®å½•: logs/20250819_223012_32e7a67c
2025-08-19 22:30:12 - __main__ - INFO - ä»æŸ¥è¯¢ä¸­æå– - å…¬å¸åç§°: èŒ…å°, è‚¡ç¥¨ä»£ç : 600519
2025-08-19 22:30:12 - __main__ - INFO - å½“å‰æ—¶é—´: 2025å¹´08æœˆ19æ—¥ (2025-08-19) æ˜ŸæœŸäºŒ 22:30:12
2025-08-19 22:30:12 - __main__ - INFO - Starting financial analysis workflow for query: 'å¸®æˆ‘çœ‹çœ‹èŒ…å°(600519)è¿™åªè‚¡ç¥¨å€¼å¾—æŠ•èµ„å—'
2025-08-19 22:30:18 - __main__ - INFO - Environment Variables Loaded:
2025-08-19 22:30:18 - __main__ - INFO -   OPENAI_COMPATIBLE_MODEL: doubao-1-5-thinking-vision-pro-250428
2025-08-19 22:30:18 - __main__ - INFO -   OPENAI_COMPATIBLE_BASE_URL: https://ark.cn-beijing.volces.com/api/v3
2025-08-19 22:30:18 - __main__ - INFO -   OPENAI_COMPATIBLE_API_KEY: ********************
2025-08-19 22:30:18 - __main__ - INFO - âœ“ æ‰§è¡Œæ—¥å¿—ç³»ç»Ÿå·²åˆå§‹åŒ–ï¼Œæ—¥å¿—ç›®å½•: logs/20250819_223018_fbb32d5c
2025-08-19 22:30:18 - __main__ - INFO - ä»æŸ¥è¯¢ä¸­æå– - å…¬å¸åç§°: èŒ…å°, è‚¡ç¥¨ä»£ç : 600519
2025-08-19 22:30:18 - __main__ - INFO - å½“å‰æ—¶é—´: 2025å¹´08æœˆ19æ—¥ (2025-08-19) æ˜ŸæœŸäºŒ 22:30:18
2025-08-19 22:30:18 - __main__ - INFO - Starting financial analysis workflow for query: 'å¸®æˆ‘çœ‹çœ‹èŒ…å°(600519)è¿™åªè‚¡ç¥¨å€¼å¾—æŠ•èµ„å—'
2025-08-19 22:33:25 - __main__ - INFO - Workflow execution completed successfully
2025-08-19 22:33:25 - __main__ - INFO - Report saved to: /root/code/Finance/Financial-MCP-Agent/reports/report_èŒ…å°_600519_20250819_223325.md
2025-08-19 22:33:30 - __main__ - INFO - Workflow execution completed successfully
2025-08-19 22:33:30 - __main__ - INFO - Report saved to: /root/code/Finance/Financial-MCP-Agent/reports/report_èŒ…å°_600519_20250819_223330.md
2025-08-19 22:35:17 - __main__ - INFO - Environment Variables Loaded:
2025-08-19 22:35:17 - __main__ - INFO -   OPENAI_COMPATIBLE_MODEL: doubao-1-5-thinking-vision-pro-250428
2025-08-19 22:35:17 - __main__ - INFO -   OPENAI_COMPATIBLE_BASE_URL: https://ark.cn-beijing.volces.com/api/v3
2025-08-19 22:35:17 - __main__ - INFO -   OPENAI_COMPATIBLE_API_KEY: ********************
2025-08-19 22:35:17 - __main__ - INFO - âœ“ æ‰§è¡Œæ—¥å¿—ç³»ç»Ÿå·²åˆå§‹åŒ–ï¼Œæ—¥å¿—ç›®å½•: logs/20250819_223517_bf0c1bd2
2025-08-19 22:35:17 - __main__ - INFO - ä»æŸ¥è¯¢ä¸­æå– - å…¬å¸åç§°: èŒ…å°, è‚¡ç¥¨ä»£ç : 600519
2025-08-19 22:35:17 - __main__ - INFO - å½“å‰æ—¶é—´: 2025å¹´08æœˆ19æ—¥ (2025-08-19) æ˜ŸæœŸäºŒ 22:35:17
2025-08-19 22:35:17 - __main__ - INFO - Starting financial analysis workflow for query: 'å¸®æˆ‘çœ‹çœ‹èŒ…å°(600519)è¿™åªè‚¡ç¥¨å€¼å¾—æŠ•èµ„å—'
2025-08-19 22:36:44 - __main__ - INFO - Workflow execution completed successfully
2025-08-19 22:36:44 - __main__ - INFO - Report saved to: /root/code/Finance/Financial-MCP-Agent/reports/error_report_èŒ…å°_600519_20250819_223644.md
2025-08-19 22:45:31 - __main__ - INFO - Environment Variables Loaded:
2025-08-19 22:45:31 - __main__ - INFO -   OPENAI_COMPATIBLE_MODEL: doubao-1-5-thinking-vision-pro-250428
2025-08-19 22:45:31 - __main__ - INFO -   OPENAI_COMPATIBLE_BASE_URL: https://ark.cn-beijing.volces.com/api/v3
2025-08-19 22:45:31 - __main__ - INFO -   OPENAI_COMPATIBLE_API_KEY: ********************
2025-08-19 22:45:31 - __main__ - INFO - âœ“ æ‰§è¡Œæ—¥å¿—ç³»ç»Ÿå·²åˆå§‹åŒ–ï¼Œæ—¥å¿—ç›®å½•: logs/20250819_224531_99b3f174
2025-08-19 22:45:31 - __main__ - INFO - ä»æŸ¥è¯¢ä¸­æå– - å…¬å¸åç§°: èŒ…å°, è‚¡ç¥¨ä»£ç : 600519
2025-08-19 22:45:31 - __main__ - INFO - å½“å‰æ—¶é—´: 2025å¹´08æœˆ19æ—¥ (2025-08-19) æ˜ŸæœŸäºŒ 22:45:31
2025-08-19 22:45:31 - __main__ - INFO - Starting financial analysis workflow for query: 'å¸®æˆ‘çœ‹çœ‹èŒ…å°(600519)è¿™åªè‚¡ç¥¨å€¼å¾—æŠ•èµ„å—'
2025-08-19 22:47:04 - __main__ - INFO - Workflow execution completed successfully
2025-08-19 22:47:04 - __main__ - INFO - Report saved to: /root/code/Finance/Financial-MCP-Agent/reports/error_report_èŒ…å°_600519_20250819_224704.md
2025-08-19 22:47:57 - __main__ - INFO - Environment Variables Loaded:
2025-08-19 22:47:57 - __main__ - INFO -   OPENAI_COMPATIBLE_MODEL: doubao-1-5-thinking-vision-pro-250428
2025-08-19 22:47:57 - __main__ - INFO -   OPENAI_COMPATIBLE_BASE_URL: https://ark.cn-beijing.volces.com/api/v3
2025-08-19 22:47:57 - __main__ - INFO -   OPENAI_COMPATIBLE_API_KEY: ********************
2025-08-19 22:47:57 - __main__ - INFO - âœ“ æ‰§è¡Œæ—¥å¿—ç³»ç»Ÿå·²åˆå§‹åŒ–ï¼Œæ—¥å¿—ç›®å½•: logs/20250819_224757_3df155d5
2025-08-19 22:47:57 - __main__ - INFO - ä»æŸ¥è¯¢ä¸­æå– - å…¬å¸åç§°: èŒ…å°, è‚¡ç¥¨ä»£ç : 600519
2025-08-19 22:47:57 - __main__ - INFO - å½“å‰æ—¶é—´: 2025å¹´08æœˆ19æ—¥ (2025-08-19) æ˜ŸæœŸäºŒ 22:47:57
2025-08-19 22:47:57 - __main__ - INFO - Starting financial analysis workflow for query: 'å¸®æˆ‘çœ‹çœ‹èŒ…å°(600519)è¿™åªè‚¡ç¥¨å€¼å¾—æŠ•èµ„å—'
2026-01-15 21:47:35 - __main__ - INFO - --- Testing MCP Client Tool Loading ---
2026-01-15 21:47:35 - __main__ - INFO - ğŸ”„ Initializing MultiServerMCPClient with config: {'a_share_mcp_v2': {'command': 'uv', 'args': ['run', '--directory', 'D:\\Sheyi\\ä¸å¸ˆå…„å¤§æ¨¡å‹\\è‚¡ç¥¨æŠ•èµ„é¡¾é—®Agent\\Finance\\a-share-mcp-is-just-i-need', 'python', 'mcp_server.py'], 'transport': 'stdio'}}
2026-01-15 21:47:35 - __main__ - INFO - ğŸ”„ Fetching tools from MCP server 'a_share_mcp_v2'...
2026-01-15 21:47:35 - __main__ - ERROR - âœ— Failed to initialize MCP client or load tools: [WinError 2] ç³»ç»Ÿæ‰¾ä¸åˆ°æŒ‡å®šçš„æ–‡ä»¶ã€‚
Traceback (most recent call last):
  File "D:\Sheyi\ä¸å¸ˆå…„å¤§æ¨¡å‹\è‚¡ç¥¨æŠ•èµ„é¡¾é—®Agent\Finance\.venv\lib\site-packages\mcp\os\win32\utilities.py", line 169, in create_windows_process
    process = await anyio.open_process(
  File "D:\Sheyi\ä¸å¸ˆå…„å¤§æ¨¡å‹\è‚¡ç¥¨æŠ•èµ„é¡¾é—®Agent\Finance\.venv\lib\site-packages\anyio\_core\_subprocesses.py", line 190, in open_process
    return await get_async_backend().open_process(
  File "D:\Sheyi\ä¸å¸ˆå…„å¤§æ¨¡å‹\è‚¡ç¥¨æŠ•èµ„é¡¾é—®Agent\Finance\.venv\lib\site-packages\anyio\_backends\_asyncio.py", line 2601, in open_process
    process = await asyncio.create_subprocess_exec(
  File "E:\Anaconda2\lib\asyncio\subprocess.py", line 218, in create_subprocess_exec
    transport, protocol = await loop.subprocess_exec(
  File "E:\Anaconda2\lib\asyncio\base_events.py", line 1675, in subprocess_exec
    transport = await self._make_subprocess_transport(
  File "E:\Anaconda2\lib\asyncio\windows_events.py", line 394, in _make_subprocess_transport
    transp = _WindowsSubprocessTransport(self, protocol, args, shell,
  File "E:\Anaconda2\lib\asyncio\base_subprocess.py", line 36, in __init__
    self._start(args=args, shell=shell, stdin=stdin, stdout=stdout,
  File "E:\Anaconda2\lib\asyncio\windows_events.py", line 896, in _start
    self._proc = windows_utils.Popen(
  File "E:\Anaconda2\lib\asyncio\windows_utils.py", line 153, in __init__
    super().__init__(args, stdin=stdin_rfd, stdout=stdout_wfd,
  File "E:\Anaconda2\lib\subprocess.py", line 971, in __init__
    self._execute_child(args, executable, preexec_fn, close_fds,
  File "E:\Anaconda2\lib\subprocess.py", line 1440, in _execute_child
    hp, ht, pid, tid = _winapi.CreateProcess(executable, args,
FileNotFoundError: [WinError 2] ç³»ç»Ÿæ‰¾ä¸åˆ°æŒ‡å®šçš„æ–‡ä»¶ã€‚

During handling of the above exception, another exception occurred:

Traceback (most recent call last):
  File "D:\Sheyi\ä¸å¸ˆå…„å¤§æ¨¡å‹\è‚¡ç¥¨æŠ•èµ„é¡¾é—®Agent\Finance\Financial-MCP-Agent\src\tools\mcp_client.py", line 55, in get_mcp_tools
    loaded_tools = await _mcp_client_instance.get_tools()
  File "D:\Sheyi\ä¸å¸ˆå…„å¤§æ¨¡å‹\è‚¡ç¥¨æŠ•èµ„é¡¾é—®Agent\Finance\.venv\lib\site-packages\langchain_mcp_adapters\client.py", line 142, in get_tools
    tools_list = await asyncio.gather(*load_mcp_tool_tasks)
  File "D:\Sheyi\ä¸å¸ˆå…„å¤§æ¨¡å‹\è‚¡ç¥¨æŠ•èµ„é¡¾é—®Agent\Finance\.venv\lib\site-packages\langchain_mcp_adapters\tools.py", line 168, in load_mcp_tools
    async with create_session(connection) as tool_session:
  File "E:\Anaconda2\lib\contextlib.py", line 199, in __aenter__
    return await anext(self.gen)
  File "D:\Sheyi\ä¸å¸ˆå…„å¤§æ¨¡å‹\è‚¡ç¥¨æŠ•èµ„é¡¾é—®Agent\Finance\.venv\lib\site-packages\langchain_mcp_adapters\sessions.py", line 394, in create_session
    async with _create_stdio_session(**params) as session:
  File "E:\Anaconda2\lib\contextlib.py", line 199, in __aenter__
    return await anext(self.gen)
  File "D:\Sheyi\ä¸å¸ˆå…„å¤§æ¨¡å‹\è‚¡ç¥¨æŠ•èµ„é¡¾é—®Agent\Finance\.venv\lib\site-packages\langchain_mcp_adapters\sessions.py", line 220, in _create_stdio_session
    async with (
  File "E:\Anaconda2\lib\contextlib.py", line 199, in __aenter__
    return await anext(self.gen)
  File "D:\Sheyi\ä¸å¸ˆå…„å¤§æ¨¡å‹\è‚¡ç¥¨æŠ•èµ„é¡¾é—®Agent\Finance\.venv\lib\site-packages\mcp\client\stdio\__init__.py", line 124, in stdio_client
    process = await _create_platform_compatible_process(
  File "D:\Sheyi\ä¸å¸ˆå…„å¤§æ¨¡å‹\è‚¡ç¥¨æŠ•èµ„é¡¾é—®Agent\Finance\.venv\lib\site-packages\mcp\client\stdio\__init__.py", line 249, in _create_platform_compatible_process
    process = await create_windows_process(command, args, env, errlog, cwd)
  File "D:\Sheyi\ä¸å¸ˆå…„å¤§æ¨¡å‹\è‚¡ç¥¨æŠ•èµ„é¡¾é—®Agent\Finance\.venv\lib\site-packages\mcp\os\win32\utilities.py", line 184, in create_windows_process
    process = await anyio.open_process(
  File "D:\Sheyi\ä¸å¸ˆå…„å¤§æ¨¡å‹\è‚¡ç¥¨æŠ•èµ„é¡¾é—®Agent\Finance\.venv\lib\site-packages\anyio\_core\_subprocesses.py", line 190, in open_process
    return await get_async_backend().open_process(
  File "D:\Sheyi\ä¸å¸ˆå…„å¤§æ¨¡å‹\è‚¡ç¥¨æŠ•èµ„é¡¾é—®Agent\Finance\.venv\lib\site-packages\anyio\_backends\_asyncio.py", line 2601, in open_process
    process = await asyncio.create_subprocess_exec(
  File "E:\Anaconda2\lib\asyncio\subprocess.py", line 218, in create_subprocess_exec
    transport, protocol = await loop.subprocess_exec(
  File "E:\Anaconda2\lib\asyncio\base_events.py", line 1675, in subprocess_exec
    transport = await self._make_subprocess_transport(
  File "E:\Anaconda2\lib\asyncio\windows_events.py", line 394, in _make_subprocess_transport
    transp = _WindowsSubprocessTransport(self, protocol, args, shell,
  File "E:\Anaconda2\lib\asyncio\base_subprocess.py", line 36, in __init__
    self._start(args=args, shell=shell, stdin=stdin, stdout=stdout,
  File "E:\Anaconda2\lib\asyncio\windows_events.py", line 896, in _start
    self._proc = windows_utils.Popen(
  File "E:\Anaconda2\lib\asyncio\windows_utils.py", line 153, in __init__
    super().__init__(args, stdin=stdin_rfd, stdout=stdout_wfd,
  File "E:\Anaconda2\lib\subprocess.py", line 971, in __init__
    self._execute_child(args, executable, preexec_fn, close_fds,
  File "E:\Anaconda2\lib\subprocess.py", line 1440, in _execute_child
    hp, ht, pid, tid = _winapi.CreateProcess(executable, args,
FileNotFoundError: [WinError 2] ç³»ç»Ÿæ‰¾ä¸åˆ°æŒ‡å®šçš„æ–‡ä»¶ã€‚
2026-01-15 21:47:35 - __main__ - INFO - ğŸ”„ Closing MCP client sessions...
2026-01-15 21:47:35 - __main__ - INFO - âœ“ MCP client sessions (if any were persistently open) assumed closed or managed by library.
2026-01-15 21:47:35 - __main__ - INFO - --- MCP Client Test Complete ---
2026-01-17 17:59:44 - __main__ - INFO - Environment Variables Loaded:
2026-01-17 17:59:44 - __main__ - INFO -   OPENAI_COMPATIBLE_MODEL: deepseek-chat
2026-01-17 17:59:44 - __main__ - INFO -   OPENAI_COMPATIBLE_BASE_URL: https://api.openai-proxy.org/v1
2026-01-17 17:59:44 - __main__ - INFO -   OPENAI_COMPATIBLE_API_KEY: ********************
2026-01-17 17:59:44 - __main__ - INFO - âœ“ æ‰§è¡Œæ—¥å¿—ç³»ç»Ÿå·²åˆå§‹åŒ–ï¼Œæ—¥å¿—ç›®å½•: logs\20260117_175944_4e191e05
2026-01-17 17:59:45 - __main__ - INFO - ä»æŸ¥è¯¢ä¸­æå– - å…¬å¸åç§°: èŒ…å°, è‚¡ç¥¨ä»£ç : 600519
2026-01-17 17:59:45 - __main__ - INFO - å½“å‰æ—¶é—´: 2026å¹´01æœˆ17æ—¥ (2026-01-17) æ˜ŸæœŸå…­ 17:59:45
2026-01-17 17:59:45 - __main__ - INFO - Starting financial analysis workflow for query: 'å¸®æˆ‘çœ‹çœ‹èŒ…å°(600519)è¿™åªè‚¡ç¥¨å€¼æŠ•èµ„å—'
2026-01-17 17:59:55 - __main__ - INFO - Workflow execution completed successfully
2026-01-17 17:59:55 - __main__ - INFO - Report saved to: D:\Sheyi\ä¸å¸ˆå…„å¤§æ¨¡å‹\è‚¡ç¥¨æŠ•èµ„é¡¾é—®Agent\Finance\Financial-MCP-Agent\reports\error_report_èŒ…å°_600519_20260117_175955.md
2026-01-17 18:03:02 - __main__ - INFO - Environment Variables Loaded:
2026-01-17 18:03:02 - __main__ - INFO -   OPENAI_COMPATIBLE_MODEL: deepseek-chat
2026-01-17 18:03:02 - __main__ - INFO -   OPENAI_COMPATIBLE_BASE_URL: https://api.openai-proxy.org/v1
2026-01-17 18:03:02 - __main__ - INFO -   OPENAI_COMPATIBLE_API_KEY: ********************
2026-01-17 18:03:02 - __main__ - INFO - âœ“ æ‰§è¡Œæ—¥å¿—ç³»ç»Ÿå·²åˆå§‹åŒ–ï¼Œæ—¥å¿—ç›®å½•: logs\20260117_180302_e1dedb54
2026-01-17 18:03:02 - __main__ - INFO - ä»æŸ¥è¯¢ä¸­æå– - å…¬å¸åç§°: èŒ…å°, è‚¡ç¥¨ä»£ç : 600519
2026-01-17 18:03:02 - __main__ - INFO - å½“å‰æ—¶é—´: 2026å¹´01æœˆ17æ—¥ (2026-01-17) æ˜ŸæœŸå…­ 18:03:02
2026-01-17 18:03:02 - __main__ - INFO - Starting financial analysis workflow for query: 'å¸®æˆ‘çœ‹çœ‹èŒ…å°(600519)è¿™åªè‚¡ç¥¨å€¼æŠ•èµ„å—'
2026-01-17 18:05:46 - __main__ - INFO - Workflow execution completed successfully
2026-01-17 18:05:46 - __main__ - INFO - Report saved to: D:\Sheyi\ä¸å¸ˆå…„å¤§æ¨¡å‹\è‚¡ç¥¨æŠ•èµ„é¡¾é—®Agent\Finance\Financial-MCP-Agent\reports\report_èŒ…å°_600519_20260117_180546.md
2026-01-17 20:26:41 - __main__ - INFO - Environment Variables Loaded:
2026-01-17 20:26:41 - __main__ - INFO -   OPENAI_COMPATIBLE_MODEL: deepseek-chat
2026-01-17 20:26:41 - __main__ - INFO -   OPENAI_COMPATIBLE_BASE_URL: https://api.openai-proxy.org/v1
2026-01-17 20:26:41 - __main__ - INFO -   OPENAI_COMPATIBLE_API_KEY: ********************
2026-01-17 20:26:41 - __main__ - INFO - âœ“ æ‰§è¡Œæ—¥å¿—ç³»ç»Ÿå·²åˆå§‹åŒ–ï¼Œæ—¥å¿—ç›®å½•: logs\20260117_202641_88953371
2026-01-17 20:26:41 - __main__ - INFO - ä»æŸ¥è¯¢ä¸­æå– - å…¬å¸åç§°: èŒ…å°, è‚¡ç¥¨ä»£ç : 600519
2026-01-17 20:26:41 - __main__ - INFO - å½“å‰æ—¶é—´: 2026å¹´01æœˆ17æ—¥ (2026-01-17) æ˜ŸæœŸå…­ 20:26:41
2026-01-17 20:26:41 - __main__ - INFO - Starting financial analysis workflow for query: 'å¸®æˆ‘çœ‹çœ‹èŒ…å°(600519)è¿™åªè‚¡ç¥¨ç°åœ¨å€¼å¾—æŠ•èµ„å—'
2026-01-17 20:29:55 - __main__ - INFO - Workflow execution completed successfully
2026-01-17 20:29:55 - __main__ - INFO - Report saved to: D:\Sheyi\ä¸å¸ˆå…„å¤§æ¨¡å‹\è‚¡ç¥¨æŠ•èµ„é¡¾é—®Agent\Finance\Financial-MCP-Agent\reports\report_èŒ…å°_600519_20260117_202955.md
